  [1m[35m (4.1ms)[0m  [1m[35mCREATE TABLE "schema_migrations" ("version" varchar NOT NULL PRIMARY KEY) /*application='Camaar'*/[0m
  [1m[35m (0.2ms)[0m  [1m[35mCREATE TABLE "ar_internal_metadata" ("key" varchar NOT NULL PRIMARY KEY, "value" varchar, "created_at" datetime(6) NOT NULL, "updated_at" datetime(6) NOT NULL) /*application='Camaar'*/[0m
  [1m[36mActiveRecord::SchemaMigration Load (0.1ms)[0m  [1m[34mSELECT "schema_migrations"."version" FROM "schema_migrations" ORDER BY "schema_migrations"."version" ASC /*application='Camaar'*/[0m
  [1m[36mActiveRecord::SchemaMigration Load (0.2ms)[0m  [1m[34mSELECT "schema_migrations"."version" FROM "schema_migrations" ORDER BY "schema_migrations"."version" ASC /*application='Camaar'*/[0m
Started GET "/hello" for 127.0.0.1 at 2025-06-13 20:53:55 -0300
  [1m[36mActiveRecord::SchemaMigration Load (0.5ms)[0m  [1m[34mSELECT "schema_migrations"."version" FROM "schema_migrations" ORDER BY "schema_migrations"."version" ASC /*application='Camaar'*/[0m
Started GET "/hello" for 127.0.0.1 at 2025-06-13 20:53:56 -0300
Processing by PagesController#hello as HTML
Processing by PagesController#hello as HTML
  Rendering layout layouts/application.html.erb
  Rendering pages/hello.html.haml within layouts/application
  Rendering layout layouts/application.html.erb
  Rendering pages/hello.html.haml within layouts/application
  Rendered pages/hello.html.haml within layouts/application (Duration: 112.9ms | GC: 0.0ms)
  Rendered pages/hello.html.haml within layouts/application (Duration: 20.1ms | GC: 0.0ms)
  Rendered layout layouts/application.html.erb (Duration: 258.1ms | GC: 0.0ms)
Completed 200 OK in 7892ms (Views: 435.7ms | ActiveRecord: 0.0ms (0 queries, 0 cached) | GC: 0.0ms)


  Rendered layout layouts/application.html.erb (Duration: 359.8ms | GC: 0.0ms)
Completed 200 OK in 7935ms (Views: 442.1ms | ActiveRecord: 0.0ms (0 queries, 0 cached) | GC: 0.0ms)


Started GET "/assets/application-8b441ae0.css" for 127.0.0.1 at 2025-06-13 20:54:05 -0300
Started GET "/assets/application-bfcdf840.js" for 127.0.0.1 at 2025-06-13 20:54:05 -0300
Started GET "/assets/turbo.min-3a2e143f.js" for 127.0.0.1 at 2025-06-13 20:54:05 -0300
Started GET "/assets/controllers/hello_controller-708796bd.js" for 127.0.0.1 at 2025-06-13 20:54:05 -0300
Started GET "/assets/controllers/index-ee64e1f1.js" for 127.0.0.1 at 2025-06-13 20:54:05 -0300
Started GET "/assets/stimulus.min-4b1e420e.js" for 127.0.0.1 at 2025-06-13 20:54:05 -0300
Started GET "/assets/stimulus-loading-1fc53fe7.js" for 127.0.0.1 at 2025-06-13 20:54:06 -0300
Started GET "/assets/controllers/application-3affb389.js" for 127.0.0.1 at 2025-06-13 20:54:06 -0300
  [1m[36mActiveRecord::SchemaMigration Load (0.2ms)[0m  [1m[34mSELECT "schema_migrations"."version" FROM "schema_migrations" ORDER BY "schema_migrations"."version" ASC /*application='Camaar'*/[0m
  [1m[36mActiveRecord::SchemaMigration Load (0.5ms)[0m  [1m[34mSELECT "schema_migrations"."version" FROM "schema_migrations" ORDER BY "schema_migrations"."version" ASC /*application='Camaar'*/[0m
Started GET "/hello" for ::1 at 2025-06-17 07:31:15 -0300
  [1m[36mActiveRecord::SchemaMigration Load (0.5ms)[0m  [1m[34mSELECT "schema_migrations"."version" FROM "schema_migrations" ORDER BY "schema_migrations"."version" ASC /*application='Camaar'*/[0m
Processing by PagesController#hello as HTML
  Rendering layout layouts/application.html.erb
  Rendering pages/hello.html.haml within layouts/application
  Rendered pages/hello.html.haml within layouts/application (Duration: 113.3ms | GC: 0.0ms)
  Rendered layout layouts/application.html.erb (Duration: 115.6ms | GC: 0.0ms)
Completed 500 Internal Server Error in 4503ms (ActiveRecord: 0.0ms (0 queries, 0 cached) | GC: 0.0ms)


  
ActionView::Template::Error (Illegal nesting: nesting within plain text is illegal.)
Caused by: Haml::SyntaxError (Illegal nesting: nesting within plain text is illegal.)

Information for: ActionView::Template::Error (Illegal nesting: nesting within plain text is illegal.):
    1: <% content_for :head do %>
    2:   <script>
    3:     // ReferĂŞncias aos elementos
    4:     const botao = document.getElementById('botao');
    5:     const modal = document.getElementById('meuModal');
  
app/views/pages/hello.html.haml:2

Information for cause: Haml::SyntaxError (Illegal nesting: nesting within plain text is illegal.):
  
app/views/pages/hello.html.haml:2
Started GET "/favicon.ico" for ::1 at 2025-06-17 07:31:25 -0300
  
ActionController::RoutingError (No route matches [GET] "/favicon.ico"):
  
Started GET "/hello" for ::1 at 2025-06-17 07:34:56 -0300
Processing by PagesController#hello as HTML
  Rendering layout layouts/application.html.erb
  Rendering pages/hello.html.haml within layouts/application
  Rendered pages/hello.html.haml within layouts/application (Duration: 4.0ms | GC: 0.0ms)
  Rendered layout layouts/application.html.erb (Duration: 420.8ms | GC: 0.0ms)
Completed 200 OK in 847ms (Views: 430.3ms | ActiveRecord: 0.0ms (0 queries, 0 cached) | GC: 0.0ms)


Started GET "/assets/application-8b441ae0.css" for ::1 at 2025-06-17 07:34:57 -0300
Started GET "/assets/application-bfcdf840.js" for ::1 at 2025-06-17 07:34:57 -0300
Started GET "/assets/turbo.min-3a2e143f.js" for ::1 at 2025-06-17 07:34:57 -0300
Started GET "/assets/controllers/hello_controller-708796bd.js" for ::1 at 2025-06-17 07:34:58 -0300
Started GET "/assets/controllers/index-ee64e1f1.js" for ::1 at 2025-06-17 07:34:58 -0300
Started GET "/assets/stimulus.min-4b1e420e.js" for ::1 at 2025-06-17 07:34:58 -0300
Started GET "/assets/stimulus-loading-1fc53fe7.js" for ::1 at 2025-06-17 07:34:58 -0300
Started GET "/assets/controllers/application-3affb389.js" for ::1 at 2025-06-17 07:34:58 -0300
Started GET "/hello" for ::1 at 2025-06-17 07:37:48 -0300
Processing by PagesController#hello as HTML
  Rendering layout layouts/application.html.erb
  Rendering pages/hello.html.haml within layouts/application
  Rendered pages/hello.html.haml within layouts/application (Duration: 3.9ms | GC: 0.0ms)
  Rendered layout layouts/application.html.erb (Duration: 141.8ms | GC: 0.0ms)
Completed 200 OK in 516ms (Views: 148.1ms | ActiveRecord: 0.0ms (0 queries, 0 cached) | GC: 0.0ms)


Started GET "/hello" for ::1 at 2025-06-17 07:40:25 -0300
Processing by PagesController#hello as HTML
  Rendering layout layouts/application.html.erb
  Rendering pages/hello.html.haml within layouts/application
  Rendered pages/hello.html.haml within layouts/application (Duration: 2.2ms | GC: 0.0ms)
  Rendered layout layouts/application.html.erb (Duration: 3.3ms | GC: 0.0ms)
Completed 500 Internal Server Error in 357ms (ActiveRecord: 0.0ms (0 queries, 0 cached) | GC: 0.0ms)


  
ActionView::Template::Error (Illegal nesting: nesting within plain text is illegal.)
Caused by: Haml::SyntaxError (Illegal nesting: nesting within plain text is illegal.)

Information for: ActionView::Template::Error (Illegal nesting: nesting within plain text is illegal.):
    2:   :javascript
    3: 
    4:   document.addEventListener('DOMContentLoaded', function () {
    5:     const botao = document.getElementById('botao');
    6:     const modal = document.getElementById('meuModal');
    7:     const botaoFechar = document.getElementById('fecharModal');
    8: 
  
app/views/pages/hello.html.haml:5

Information for cause: Haml::SyntaxError (Illegal nesting: nesting within plain text is illegal.):
  
app/views/pages/hello.html.haml:5
Started GET "/hello" for ::1 at 2025-06-17 07:40:56 -0300
Processing by PagesController#hello as HTML
  Rendering layout layouts/application.html.erb
  Rendering pages/hello.html.haml within layouts/application
  Rendered pages/hello.html.haml within layouts/application (Duration: 4.0ms | GC: 0.0ms)
  Rendered layout layouts/application.html.erb (Duration: 15.0ms | GC: 0.0ms)
Completed 200 OK in 389ms (Views: 23.6ms | ActiveRecord: 0.0ms (0 queries, 0 cached) | GC: 0.0ms)


Started GET "/hello" for ::1 at 2025-06-17 07:42:44 -0300
Processing by PagesController#hello as HTML
  Rendering layout layouts/application.html.erb
  Rendering pages/hello.html.haml within layouts/application
  Rendered pages/hello.html.haml within layouts/application (Duration: 5.9ms | GC: 0.0ms)
  Rendered layout layouts/application.html.erb (Duration: 12.0ms | GC: 0.0ms)
Completed 200 OK in 381ms (Views: 17.2ms | ActiveRecord: 0.0ms (0 queries, 0 cached) | GC: 0.0ms)


Started GET "/hello" for ::1 at 2025-06-17 07:43:30 -0300
Processing by PagesController#hello as HTML
  Rendering layout layouts/application.html.erb
  Rendering pages/hello.html.haml within layouts/application
  Rendered pages/hello.html.haml within layouts/application (Duration: 5.2ms | GC: 0.0ms)
  Rendered layout layouts/application.html.erb (Duration: 11.4ms | GC: 0.0ms)
Completed 200 OK in 399ms (Views: 19.3ms | ActiveRecord: 0.0ms (0 queries, 0 cached) | GC: 0.0ms)


Started GET "/hello" for ::1 at 2025-06-17 07:44:46 -0300
Processing by PagesController#hello as HTML
  Rendering layout layouts/application.html.erb
  Rendering pages/hello.html.haml within layouts/application
  Rendered pages/hello.html.haml within layouts/application (Duration: 4.3ms | GC: 0.0ms)
  Rendered layout layouts/application.html.erb (Duration: 9.0ms | GC: 0.0ms)
Completed 200 OK in 344ms (Views: 13.2ms | ActiveRecord: 0.0ms (0 queries, 0 cached) | GC: 0.0ms)


Started GET "/hello" for ::1 at 2025-06-17 20:46:22 -0300
  [1m[36mActiveRecord::SchemaMigration Load (0.3ms)[0m  [1m[34mSELECT "schema_migrations"."version" FROM "schema_migrations" ORDER BY "schema_migrations"."version" ASC /*application='Camaar'*/[0m
Processing by PagesController#hello as HTML
  Rendering layout layouts/application.html.erb
  Rendering pages/hello.html.haml within layouts/application
  Rendered pages/hello.html.haml within layouts/application (Duration: 109.8ms | GC: 0.0ms)
  Rendered layout layouts/application.html.erb (Duration: 111.8ms | GC: 0.0ms)
Completed 500 Internal Server Error in 4385ms (ActiveRecord: 0.0ms (0 queries, 0 cached) | GC: 0.0ms)


  
ActionView::SyntaxErrorInTemplate (Encountered a syntax error while rendering template: check - content_for :head do

%button#botao Clique aqui

#meuModal.modal{ style: "display: none; position: fixed; top: 0; left: 0; width: 100vw; height: 100vh; background-color: rgba(0,0,0,0.5); display: flex; justify-content: center; align-items: center; z-index: 1000;" }
  .modal-content{ style: "background: white; padding: 20px; border-radius: 8px; max-width: 400px; width: 90%;" }
    %p VocĂŞ clicou
    %button#fecharModal OK

%h1 Hello, World!
)
Caused by: ActiveSupport::SyntaxErrorProxy (C:/Users/andmi/CAMAAR/camaar/app/views/pages/hello.html.haml:11: syntax errors found
  [2m 9 | [m; 
  [2m10 | [m; @output_buffer
[1;31m> [m[2m11 | [m          end
  [2m   | [m             [1;31m^[m unexpected end-of-input, assuming it is closing the parent top level context
[1;31m> [m[2m12 | [m
  [2m   | [m[1;31m^[m expected an `end` to close the `def` statement
)

Information for: ActionView::SyntaxErrorInTemplate (Encountered a syntax error while rendering template: check - content_for :head do

%button#botao Clique aqui

#meuModal.modal{ style: "display: none; position: fixed; top: 0; left: 0; width: 100vw; height: 100vh; background-color: rgba(0,0,0,0.5); display: flex; justify-content: center; align-items: center; z-index: 1000;" }
  .modal-content{ style: "background: white; padding: 20px; border-radius: 8px; max-width: 400px; width: 90%;" }
    %p VocĂŞ clicou
    %button#fecharModal OK

%h1 Hello, World!
):
1:    - content_for :head do
2:    
3:    %button#botao Clique aqui
4:    
5:    #meuModal.modal{ style: "display: none; position: fixed; top: 0; left: 0; width: 100vw; height: 100vh; background-color: rgba(0,0,0,0.5); display: flex; justify-content: center; align-items: center; z-index: 1000;" }
6:      .modal-content{ style: "background: white; padding: 20px; border-radius: 8px; max-width: 400px; width: 90%;" }
7:        %p VocĂŞ clicou
8:        %button#fecharModal OK
9:    
10:    %h1 Hello, World!
  
app/views/pages/hello.html.haml:11: syntax errors found

Information for cause: ActiveSupport::SyntaxErrorProxy (C:/Users/andmi/CAMAAR/camaar/app/views/pages/hello.html.haml:11: syntax errors found
  [2m 9 | [m; 
  [2m10 | [m; @output_buffer
[1;31m> [m[2m11 | [m          end
  [2m   | [m             [1;31m^[m unexpected end-of-input, assuming it is closing the parent top level context
[1;31m> [m[2m12 | [m
  [2m   | [m[1;31m^[m expected an `end` to close the `def` statement
):
  
app/views/pages/hello.html.haml:11: syntax errors found
Started GET "/hello" for ::1 at 2025-06-17 20:48:27 -0300
Processing by PagesController#hello as HTML
  Rendering layout layouts/application.html.erb
  Rendering pages/hello.html.haml within layouts/application
  Rendered pages/hello.html.haml within layouts/application (Duration: 10.4ms | GC: 0.0ms)
  Rendered layout layouts/application.html.erb (Duration: 427.8ms | GC: 0.0ms)
Completed 200 OK in 1709ms (Views: 445.6ms | ActiveRecord: 0.0ms (0 queries, 0 cached) | GC: 0.0ms)


Started GET "/assets/application-768c242e.js" for ::1 at 2025-06-17 20:48:29 -0300
Started GET "/assets/scripts/botao-a9076add.js" for ::1 at 2025-06-17 20:48:29 -0300
Started GET "/assets/scripts/meu_script.js" for ::1 at 2025-06-17 20:48:30 -0300
Started GET "/hello" for ::1 at 2025-06-17 20:48:41 -0300
Processing by PagesController#hello as HTML
  Rendering layout layouts/application.html.erb
  Rendering pages/hello.html.haml within layouts/application
  Rendered pages/hello.html.haml within layouts/application (Duration: 0.6ms | GC: 0.0ms)
  Rendered layout layouts/application.html.erb (Duration: 3.0ms | GC: 0.0ms)
Completed 200 OK in 1429ms (Views: 4.0ms | ActiveRecord: 0.0ms (0 queries, 0 cached) | GC: 0.0ms)


Started GET "/assets/scripts/meu_script.js" for ::1 at 2025-06-17 20:48:42 -0300
Started GET "/hello" for ::1 at 2025-06-17 20:52:20 -0300
Processing by PagesController#hello as HTML
  Rendering layout layouts/application.html.erb
  Rendering pages/hello.html.haml within layouts/application
  Rendered pages/hello.html.haml within layouts/application (Duration: 1.0ms | GC: 0.0ms)
  Rendered layout layouts/application.html.erb (Duration: 4.8ms | GC: 0.0ms)
Completed 200 OK in 1402ms (Views: 6.6ms | ActiveRecord: 0.0ms (0 queries, 0 cached) | GC: 0.0ms)


Started GET "/assets/scripts/meu_script.js" for ::1 at 2025-06-17 20:52:21 -0300
Started GET "/.well-known/appspecific/com.chrome.devtools.json" for ::1 at 2025-06-17 20:56:16 -0300
  
ActionController::RoutingError (No route matches [GET] "/.well-known/appspecific/com.chrome.devtools.json"):
  
Started GET "/hello" for ::1 at 2025-06-17 20:56:33 -0300
Processing by PagesController#hello as HTML
  Rendering layout layouts/application.html.erb
  Rendering pages/hello.html.haml within layouts/application
  Rendered pages/hello.html.haml within layouts/application (Duration: 0.8ms | GC: 0.0ms)
  Rendered layout layouts/application.html.erb (Duration: 3.9ms | GC: 0.0ms)
Completed 200 OK in 1497ms (Views: 5.3ms | ActiveRecord: 0.0ms (0 queries, 0 cached) | GC: 0.0ms)


Started GET "/.well-known/appspecific/com.chrome.devtools.json" for ::1 at 2025-06-17 20:56:35 -0300
Started GET "/assets/scripts/meu_script.js" for ::1 at 2025-06-17 20:56:35 -0300
  
ActionController::RoutingError (No route matches [GET] "/.well-known/appspecific/com.chrome.devtools.json"):
  
Started GET "/hello" for ::1 at 2025-06-17 20:57:23 -0300
Processing by PagesController#hello as HTML
  Rendering layout layouts/application.html.erb
  Rendering pages/hello.html.haml within layouts/application
  Rendered pages/hello.html.haml within layouts/application (Duration: 0.9ms | GC: 0.0ms)
  Rendered layout layouts/application.html.erb (Duration: 38.8ms | GC: 0.0ms)
Completed 200 OK in 391ms (Views: 39.6ms | ActiveRecord: 0.0ms (0 queries, 0 cached) | GC: 0.0ms)


Started GET "/.well-known/appspecific/com.chrome.devtools.json" for ::1 at 2025-06-17 20:57:23 -0300
Started GET "/assets/application-b3c84c7a.js" for ::1 at 2025-06-17 20:57:23 -0300
  
ActionController::RoutingError (No route matches [GET] "/.well-known/appspecific/com.chrome.devtools.json"):
  
Started GET "/assets/scripts/botao.js" for ::1 at 2025-06-17 20:57:23 -0300
Started GET "/hello" for ::1 at 2025-06-17 20:58:53 -0300
Processing by PagesController#hello as HTML
  Rendering layout layouts/application.html.erb
  Rendering pages/hello.html.haml within layouts/application
  Rendered pages/hello.html.haml within layouts/application (Duration: 6.2ms | GC: 0.0ms)
  Rendered layout layouts/application.html.erb (Duration: 32.9ms | GC: 0.0ms)
Completed 200 OK in 1531ms (Views: 120.3ms | ActiveRecord: 0.0ms (0 queries, 0 cached) | GC: 0.0ms)


Started GET "/assets/scripts/botao.js" for ::1 at 2025-06-17 20:58:56 -0300
Started GET "/hello" for ::1 at 2025-06-17 20:59:02 -0300
Processing by PagesController#hello as HTML
  Rendering layout layouts/application.html.erb
  Rendering pages/hello.html.haml within layouts/application
  Rendered pages/hello.html.haml within layouts/application (Duration: 0.5ms | GC: 0.0ms)
  Rendered layout layouts/application.html.erb (Duration: 2.9ms | GC: 0.0ms)
Completed 200 OK in 1368ms (Views: 4.1ms | ActiveRecord: 0.0ms (0 queries, 0 cached) | GC: 0.0ms)


Started GET "/assets/scripts/botao.js" for ::1 at 2025-06-17 20:59:04 -0300
Started GET "/.well-known/appspecific/com.chrome.devtools.json" for ::1 at 2025-06-17 20:59:13 -0300
  
ActionController::RoutingError (No route matches [GET] "/.well-known/appspecific/com.chrome.devtools.json"):
  
Started GET "/hello" for ::1 at 2025-06-17 20:59:18 -0300
Processing by PagesController#hello as HTML
  Rendering layout layouts/application.html.erb
  Rendering pages/hello.html.haml within layouts/application
  Rendered pages/hello.html.haml within layouts/application (Duration: 0.6ms | GC: 0.0ms)
  Rendered layout layouts/application.html.erb (Duration: 3.2ms | GC: 0.0ms)
Completed 200 OK in 1389ms (Views: 4.3ms | ActiveRecord: 0.0ms (0 queries, 0 cached) | GC: 0.0ms)


Started GET "/.well-known/appspecific/com.chrome.devtools.json" for ::1 at 2025-06-17 20:59:19 -0300
Started GET "/assets/scripts/botao.js" for ::1 at 2025-06-17 20:59:20 -0300
  
ActionController::RoutingError (No route matches [GET] "/.well-known/appspecific/com.chrome.devtools.json"):
  
Started GET "/hello" for ::1 at 2025-06-17 21:02:48 -0300
  [1m[36mActiveRecord::SchemaMigration Load (0.3ms)[0m  [1m[34mSELECT "schema_migrations"."version" FROM "schema_migrations" ORDER BY "schema_migrations"."version" ASC /*application='Camaar'*/[0m
Processing by PagesController#hello as HTML
  Rendering layout layouts/application.html.erb
  Rendering pages/hello.html.haml within layouts/application
  Rendered pages/hello.html.haml within layouts/application (Duration: 16.5ms | GC: 0.0ms)
  Rendered layout layouts/application.html.erb (Duration: 97.5ms | GC: 0.0ms)
Completed 200 OK in 2842ms (Views: 124.5ms | ActiveRecord: 0.0ms (0 queries, 0 cached) | GC: 0.0ms)


Started GET "/assets/scripts/botao.js" for ::1 at 2025-06-17 21:02:52 -0300
Started GET "/.well-known/appspecific/com.chrome.devtools.json" for ::1 at 2025-06-17 21:03:09 -0300
  
ActionController::RoutingError (No route matches [GET] "/.well-known/appspecific/com.chrome.devtools.json"):
  
Started GET "/hello" for ::1 at 2025-06-17 21:04:33 -0300
Processing by PagesController#hello as HTML
  Rendering layout layouts/application.html.erb
  Rendering pages/hello.html.haml within layouts/application
  Rendered pages/hello.html.haml within layouts/application (Duration: 0.7ms | GC: 0.0ms)
  Rendered layout layouts/application.html.erb (Duration: 3.1ms | GC: 0.0ms)
Completed 200 OK in 1362ms (Views: 4.2ms | ActiveRecord: 0.0ms (0 queries, 0 cached) | GC: 0.0ms)


Started GET "/assets/application-8b441ae0.css" for ::1 at 2025-06-17 21:04:35 -0300
Started GET "/assets/application-b3c84c7a.js" for ::1 at 2025-06-17 21:04:35 -0300
Started GET "/assets/turbo.min-3a2e143f.js" for ::1 at 2025-06-17 21:04:35 -0300
Started GET "/assets/controllers/hello_controller-708796bd.js" for ::1 at 2025-06-17 21:04:35 -0300
Started GET "/assets/controllers/index-ee64e1f1.js" for ::1 at 2025-06-17 21:04:35 -0300
Started GET "/assets/scripts/botao-a9076add.js" for ::1 at 2025-06-17 21:04:36 -0300
Started GET "/assets/scripts/botao.js" for ::1 at 2025-06-17 21:04:36 -0300
Started GET "/assets/stimulus.min-4b1e420e.js" for ::1 at 2025-06-17 21:04:36 -0300
Started GET "/assets/stimulus-loading-1fc53fe7.js" for ::1 at 2025-06-17 21:04:36 -0300
Started GET "/assets/controllers/application-3affb389.js" for ::1 at 2025-06-17 21:04:37 -0300
Started GET "/.well-known/appspecific/com.chrome.devtools.json" for ::1 at 2025-06-17 21:04:39 -0300
  
ActionController::RoutingError (No route matches [GET] "/.well-known/appspecific/com.chrome.devtools.json"):
  
Started GET "/hello" for ::1 at 2025-06-17 21:09:28 -0300
Processing by PagesController#hello as HTML
  Rendering layout layouts/application.html.erb
  Rendering pages/hello.html.haml within layouts/application
  Rendered pages/hello.html.haml within layouts/application (Duration: 0.6ms | GC: 0.0ms)
  Rendered layout layouts/application.html.erb (Duration: 53.4ms | GC: 0.0ms)
Completed 200 OK in 394ms (Views: 54.2ms | ActiveRecord: 0.0ms (0 queries, 0 cached) | GC: 0.0ms)


Started GET "/.well-known/appspecific/com.chrome.devtools.json" for ::1 at 2025-06-17 21:09:29 -0300
Started GET "/assets/application-94d60c10.js" for ::1 at 2025-06-17 21:09:29 -0300
  
ActionController::RoutingError (No route matches [GET] "/.well-known/appspecific/com.chrome.devtools.json"):
  
Started GET "/assets/turbo.min-5f3b7fda.js.map" for ::1 at 2025-06-17 21:09:29 -0300
Started GET "/assets/stimulus.min-2395e199.js.map" for ::1 at 2025-06-17 21:09:29 -0300
Started GET "/hello" for ::1 at 2025-06-17 21:09:40 -0300
Processing by PagesController#hello as HTML
  Rendering layout layouts/application.html.erb
  Rendering pages/hello.html.haml within layouts/application
  Rendered pages/hello.html.haml within layouts/application (Duration: 0.6ms | GC: 0.0ms)
  Rendered layout layouts/application.html.erb (Duration: 3.1ms | GC: 0.0ms)
Completed 200 OK in 1346ms (Views: 4.1ms | ActiveRecord: 0.0ms (0 queries, 0 cached) | GC: 0.0ms)


Started GET "/hello" for ::1 at 2025-06-17 21:13:55 -0300
Processing by PagesController#hello as HTML
  Rendering layout layouts/application.html.erb
  Rendering pages/hello.html.haml within layouts/application
  Rendered pages/hello.html.haml within layouts/application (Duration: 0.5ms | GC: 0.0ms)
  Rendered layout layouts/application.html.erb (Duration: 68.7ms | GC: 0.0ms)
Completed 200 OK in 1550ms (Views: 70.2ms | ActiveRecord: 0.0ms (0 queries, 0 cached) | GC: 0.0ms)


Started GET "/assets/application-94d60c10.js" for ::1 at 2025-06-17 21:13:56 -0300
Started GET "/assets/controllers/hello_controller-b21ffe0b.js" for ::1 at 2025-06-17 21:13:56 -0300
Started GET "/.well-known/appspecific/com.chrome.devtools.json" for ::1 at 2025-06-17 21:13:56 -0300
  
ActionController::RoutingError (No route matches [GET] "/.well-known/appspecific/com.chrome.devtools.json"):
  
Started GET "/assets/turbo.min-5f3b7fda.js.map" for ::1 at 2025-06-17 21:13:57 -0300
Started GET "/assets/stimulus.min-2395e199.js.map" for ::1 at 2025-06-17 21:13:57 -0300
Started GET "/hello" for ::1 at 2025-06-17 21:14:31 -0300
Processing by PagesController#hello as HTML
  Rendering layout layouts/application.html.erb
  Rendering pages/hello.html.haml within layouts/application
  Rendered pages/hello.html.haml within layouts/application (Duration: 0.5ms | GC: 0.0ms)
  Rendered layout layouts/application.html.erb (Duration: 71.8ms | GC: 0.0ms)
Completed 200 OK in 1079ms (Views: 73.5ms | ActiveRecord: 0.0ms (0 queries, 0 cached) | GC: 0.0ms)


Started GET "/assets/controllers/hello_controller-69feb99f.js" for ::1 at 2025-06-17 21:14:32 -0300
Started GET "/hello" for ::1 at 2025-06-17 21:15:20 -0300
Processing by PagesController#hello as HTML
  Rendering layout layouts/application.html.erb
  Rendering pages/hello.html.haml within layouts/application
  Rendered pages/hello.html.haml within layouts/application (Duration: 0.6ms | GC: 0.0ms)
  Rendered layout layouts/application.html.erb (Duration: 13.4ms | GC: 0.0ms)
Completed 200 OK in 383ms (Views: 14.2ms | ActiveRecord: 0.0ms (0 queries, 0 cached) | GC: 0.0ms)


Started GET "/hello" for ::1 at 2025-06-17 21:15:24 -0300
Processing by PagesController#hello as HTML
  Rendering layout layouts/application.html.erb
  Rendering pages/hello.html.haml within layouts/application
  Rendered pages/hello.html.haml within layouts/application (Duration: 0.7ms | GC: 0.0ms)
  Rendered layout layouts/application.html.erb (Duration: 3.4ms | GC: 0.0ms)
Completed 200 OK in 1499ms (Views: 4.6ms | ActiveRecord: 0.0ms (0 queries, 0 cached) | GC: 0.0ms)


Started GET "/hello" for ::1 at 2025-06-17 22:21:41 -0300
Processing by PagesController#hello as HTML
  Rendering layout layouts/application.html.erb
  Rendering pages/hello.html.haml within layouts/application
  Rendered pages/hello.html.haml within layouts/application (Duration: 0.5ms | GC: 0.0ms)
  Rendered layout layouts/application.html.erb (Duration: 2.9ms | GC: 0.0ms)
Completed 200 OK in 1453ms (Views: 3.8ms | ActiveRecord: 0.0ms (0 queries, 0 cached) | GC: 0.0ms)


Started GET "/hello" for ::1 at 2025-06-18 14:12:21 -0300
Processing by PagesController#hello as HTML
  Rendering layout layouts/application.html.erb
  Rendering pages/hello.html.haml within layouts/application
  Rendered pages/hello.html.haml within layouts/application (Duration: 0.7ms | GC: 0.0ms)
  Rendered layout layouts/application.html.erb (Duration: 3.4ms | GC: 0.0ms)
Completed 200 OK in 745ms (Views: 4.5ms | ActiveRecord: 0.0ms (0 queries, 0 cached) | GC: 0.0ms)


Started GET "/hello" for ::1 at 2025-06-18 14:21:46 -0300
  [1m[36mActiveRecord::SchemaMigration Load (0.5ms)[0m  [1m[34mSELECT "schema_migrations"."version" FROM "schema_migrations" ORDER BY "schema_migrations"."version" ASC /*application='Camaar'*/[0m
Processing by PagesController#hello as HTML
  Rendering layout layouts/application.html.erb
  Rendering pages/hello.html.haml within layouts/application
  Rendered pages/hello.html.haml within layouts/application (Duration: 64.0ms | GC: 0.0ms)
  Rendered layout layouts/application.html.erb (Duration: 764.0ms | GC: 0.0ms)
Completed 200 OK in 5068ms (Views: 1018.7ms | ActiveRecord: 0.0ms (0 queries, 0 cached) | GC: 0.0ms)


Started GET "/assets/application-81a31d5b.css" for ::1 at 2025-06-18 14:21:54 -0300
Started GET "/hello" for ::1 at 2025-06-18 14:26:31 -0300
Processing by PagesController#hello as HTML
  Rendering layout layouts/application.html.erb
  Rendering pages/hello.html.haml within layouts/application
  Rendered pages/hello.html.haml within layouts/application (Duration: 0.3ms | GC: 0.0ms)
  Rendered layout layouts/application.html.erb (Duration: 19.7ms | GC: 0.0ms)
Completed 200 OK in 386ms (Views: 20.6ms | ActiveRecord: 0.0ms (0 queries, 0 cached) | GC: 0.0ms)


Started GET "/assets/application-8a1e1347.css" for ::1 at 2025-06-18 14:26:32 -0300
Started GET "/hello" for ::1 at 2025-06-18 22:27:33 -0300
Processing by PagesController#hello as HTML
  Rendering layout layouts/application.html.erb
  Rendering pages/hello.html.haml within layouts/application
  Rendered pages/hello.html.haml within layouts/application (Duration: 4.4ms | GC: 0.0ms)
  Rendered layout layouts/application.html.erb (Duration: 44.5ms | GC: 0.0ms)
Completed 200 OK in 4393ms (Views: 57.2ms | ActiveRecord: 0.0ms (0 queries, 0 cached) | GC: 0.0ms)


  [1m[36mActiveRecord::SchemaMigration Load (0.2ms)[0m  [1m[34mSELECT "schema_migrations"."version" FROM "schema_migrations" ORDER BY "schema_migrations"."version" ASC /*application='Camaar'*/[0m
  [1m[36mActiveRecord::SchemaMigration Load (0.2ms)[0m  [1m[34mSELECT "schema_migrations"."version" FROM "schema_migrations" ORDER BY "schema_migrations"."version" ASC /*application='Camaar'*/[0m
